<?xml version="1.0" encoding="UTF-8"?>
<testng-results ignored="0" total="2" passed="0" failed="0" skipped="2">
  <reporter-output>
  </reporter-output>
  <suite started-at="2023-03-16T19:05:59 IST" name="Default suite" finished-at="2023-03-16T19:06:16 IST" duration-ms="16847">
    <groups>
    </groups>
    <test started-at="2023-03-16T19:05:59 IST" name="Default test" finished-at="2023-03-16T19:06:16 IST" duration-ms="16847">
      <class name="appiumproject.testcases.Test02_MultipleTests">
        <test-method is-config="true" signature="Setup()[pri:0, instance:appiumproject.testcases.Test02_MultipleTests@3c77d488]" started-at="2023-03-16T19:05:59 IST" name="Setup" finished-at="2023-03-16T19:06:16 IST" duration-ms="16770" status="FAIL">
          <exception class="org.openqa.selenium.SessionNotCreatedException">
            <message>
              <![CDATA[Could not start a new session. Response code 500. Message: An unknown server-side error occurred while processing the command. Original error: Cannot start the 'com.androidsample.generalstore' application. Visit https://github.com/appium/appium/blob/master/docs/en/writing-running-appium/android/activity-startup.md for troubleshooting. Original error: Error executing adbExec. Original error: 'Command ''D:\\program files\\platform-tools\\adb.exe' -P 5037 -s JZBUSWZ9ROOBQ8ZD shell am start -W -n com.androidsample.generalstore/com.androidsample.generalstore.SplashActivity -S -a android.intent.action.MAIN -c android.intent.category.LAUNCHER -f 0x10200000' timed out after 20ms'. Try to increase the 20ms adb execution timeout represented by 'adbExecTimeout' capability 
Host info: host: 'DESKTOP-PQ7S2JC', ip: '192.168.29.94'
Build info: version: '4.5.0', revision: 'fe167b119a'
System info: os.name: 'Windows 10', os.arch: 'amd64', os.version: '10.0', java.version: '17.0.3'
Driver info: io.appium.java_client.android.AndroidDriver
Command: [null, newSession {capabilities=[{appium:app=C:\Users\Achal Trivedi\eclipse-workspace\AppiumFrameworkDesign\src\test\resources\apps\General-Store.apk, appium:appWaitDuration=20, appium:autoGrantPermissions=true, appium:automationName=UiAutomator2, appium:deviceName=vivo 1820, appium:newCommandTimeout=60, platformName=ANDROID, appium:platformVersion=8.1.0, appium:udid=JZBUSWZ9ROOBQ8ZD}], desiredCapabilities=Capabilities {app: C:\Users\Achal Trivedi\ecli..., appWaitDuration: 20, autoGrantPermissions: true, automationName: UiAutomator2, deviceName: vivo 1820, newCommandTimeout: 60, platformName: ANDROID, platformVersion: 8.1.0, udid: JZBUSWZ9ROOBQ8ZD}}]
Capabilities {}]]>
            </message>
            <full-stacktrace>
              <![CDATA[org.openqa.selenium.SessionNotCreatedException: Could not start a new session. Response code 500. Message: An unknown server-side error occurred while processing the command. Original error: Cannot start the 'com.androidsample.generalstore' application. Visit https://github.com/appium/appium/blob/master/docs/en/writing-running-appium/android/activity-startup.md for troubleshooting. Original error: Error executing adbExec. Original error: 'Command ''D:\\program files\\platform-tools\\adb.exe' -P 5037 -s JZBUSWZ9ROOBQ8ZD shell am start -W -n com.androidsample.generalstore/com.androidsample.generalstore.SplashActivity -S -a android.intent.action.MAIN -c android.intent.category.LAUNCHER -f 0x10200000' timed out after 20ms'. Try to increase the 20ms adb execution timeout represented by 'adbExecTimeout' capability 
Host info: host: 'DESKTOP-PQ7S2JC', ip: '192.168.29.94'
Build info: version: '4.5.0', revision: 'fe167b119a'
System info: os.name: 'Windows 10', os.arch: 'amd64', os.version: '10.0', java.version: '17.0.3'
Driver info: io.appium.java_client.android.AndroidDriver
Command: [null, newSession {capabilities=[{appium:app=C:\Users\Achal Trivedi\eclipse-workspace\AppiumFrameworkDesign\src\test\resources\apps\General-Store.apk, appium:appWaitDuration=20, appium:autoGrantPermissions=true, appium:automationName=UiAutomator2, appium:deviceName=vivo 1820, appium:newCommandTimeout=60, platformName=ANDROID, appium:platformVersion=8.1.0, appium:udid=JZBUSWZ9ROOBQ8ZD}], desiredCapabilities=Capabilities {app: C:\Users\Achal Trivedi\ecli..., appWaitDuration: 20, autoGrantPermissions: true, automationName: UiAutomator2, deviceName: vivo 1820, newCommandTimeout: 60, platformName: ANDROID, platformVersion: 8.1.0, udid: JZBUSWZ9ROOBQ8ZD}}]
Capabilities {}
at org.openqa.selenium.remote.ProtocolHandshake.createSession(ProtocolHandshake.java:144)
at java.base/jdk.internal.reflect.NativeMethodAccessorImpl.invoke0(Native Method)
at java.base/jdk.internal.reflect.NativeMethodAccessorImpl.invoke(NativeMethodAccessorImpl.java:77)
at java.base/jdk.internal.reflect.DelegatingMethodAccessorImpl.invoke(DelegatingMethodAccessorImpl.java:43)
at java.base/java.lang.reflect.Method.invoke(Method.java:568)
at io.appium.java_client.remote.AppiumProtocolHandshake.createSession(AppiumProtocolHandshake.java:126)
at io.appium.java_client.remote.AppiumProtocolHandshake.createSession(AppiumProtocolHandshake.java:102)
at io.appium.java_client.remote.AppiumCommandExecutor.createSession(AppiumCommandExecutor.java:155)
at io.appium.java_client.remote.AppiumCommandExecutor.execute(AppiumCommandExecutor.java:189)
at org.openqa.selenium.remote.RemoteWebDriver.execute(RemoteWebDriver.java:547)
at io.appium.java_client.AppiumDriver.startSession(AppiumDriver.java:229)
at org.openqa.selenium.remote.RemoteWebDriver.<init>(RemoteWebDriver.java:157)
at io.appium.java_client.AppiumDriver.<init>(AppiumDriver.java:80)
at io.appium.java_client.AppiumDriver.<init>(AppiumDriver.java:103)
at io.appium.java_client.android.AndroidDriver.<init>(AndroidDriver.java:139)
at appiumproject.basePackage.SuperBaseClass.Setup(SuperBaseClass.java:106)
at java.base/jdk.internal.reflect.NativeMethodAccessorImpl.invoke0(Native Method)
at java.base/jdk.internal.reflect.NativeMethodAccessorImpl.invoke(NativeMethodAccessorImpl.java:77)
at java.base/jdk.internal.reflect.DelegatingMethodAccessorImpl.invoke(DelegatingMethodAccessorImpl.java:43)
at java.base/java.lang.reflect.Method.invoke(Method.java:568)
at org.testng.internal.invokers.MethodInvocationHelper.invokeMethod(MethodInvocationHelper.java:139)
at org.testng.internal.invokers.MethodInvocationHelper.invokeMethodConsideringTimeout(MethodInvocationHelper.java:69)
at org.testng.internal.invokers.ConfigInvoker.invokeConfigurationMethod(ConfigInvoker.java:361)
at org.testng.internal.invokers.ConfigInvoker.invokeConfigurations(ConfigInvoker.java:296)
at org.testng.internal.invokers.TestMethodWorker.invokeBeforeClassMethods(TestMethodWorker.java:180)
at org.testng.internal.invokers.TestMethodWorker.run(TestMethodWorker.java:122)
at java.base/java.util.ArrayList.forEach(ArrayList.java:1511)
at org.testng.TestRunner.privateRun(TestRunner.java:806)
at org.testng.TestRunner.run(TestRunner.java:601)
at org.testng.SuiteRunner.runTest(SuiteRunner.java:433)
at org.testng.SuiteRunner.runSequentially(SuiteRunner.java:427)
at org.testng.SuiteRunner.privateRun(SuiteRunner.java:387)
at org.testng.SuiteRunner.run(SuiteRunner.java:330)
at org.testng.SuiteRunnerWorker.runSuite(SuiteRunnerWorker.java:52)
at org.testng.SuiteRunnerWorker.run(SuiteRunnerWorker.java:95)
at org.testng.TestNG.runSuitesSequentially(TestNG.java:1256)
at org.testng.TestNG.runSuitesLocally(TestNG.java:1176)
at org.testng.TestNG.runSuites(TestNG.java:1099)
at org.testng.TestNG.run(TestNG.java:1067)
at org.testng.remote.AbstractRemoteTestNG.run(AbstractRemoteTestNG.java:115)
at org.testng.remote.RemoteTestNG.initAndRun(RemoteTestNG.java:251)
at org.testng.remote.RemoteTestNG.main(RemoteTestNG.java:77)
]]>
            </full-stacktrace>
          </exception> <!-- org.openqa.selenium.SessionNotCreatedException -->
          <reporter-output>
          </reporter-output>
        </test-method> <!-- Setup -->
        <test-method is-config="true" signature="goToHome()[pri:0, instance:appiumproject.testcases.Test02_MultipleTests@3c77d488]" started-at="2023-03-16T19:06:16 IST" name="goToHome" finished-at="2023-03-16T19:06:16 IST" duration-ms="0" status="SKIP">
          <reporter-output>
          </reporter-output>
        </test-method> <!-- goToHome -->
        <test-method signature="VerifyNameValidation_Test01()[pri:0, instance:appiumproject.testcases.Test02_MultipleTests@3c77d488]" started-at="2023-03-16T19:06:16 IST" name="VerifyNameValidation_Test01" finished-at="2023-03-16T19:06:16 IST" duration-ms="0" status="SKIP">
          <exception class="org.openqa.selenium.SessionNotCreatedException">
            <message>
              <![CDATA[Could not start a new session. Response code 500. Message: An unknown server-side error occurred while processing the command. Original error: Cannot start the 'com.androidsample.generalstore' application. Visit https://github.com/appium/appium/blob/master/docs/en/writing-running-appium/android/activity-startup.md for troubleshooting. Original error: Error executing adbExec. Original error: 'Command ''D:\\program files\\platform-tools\\adb.exe' -P 5037 -s JZBUSWZ9ROOBQ8ZD shell am start -W -n com.androidsample.generalstore/com.androidsample.generalstore.SplashActivity -S -a android.intent.action.MAIN -c android.intent.category.LAUNCHER -f 0x10200000' timed out after 20ms'. Try to increase the 20ms adb execution timeout represented by 'adbExecTimeout' capability 
Host info: host: 'DESKTOP-PQ7S2JC', ip: '192.168.29.94'
Build info: version: '4.5.0', revision: 'fe167b119a'
System info: os.name: 'Windows 10', os.arch: 'amd64', os.version: '10.0', java.version: '17.0.3'
Driver info: io.appium.java_client.android.AndroidDriver
Command: [null, newSession {capabilities=[{appium:app=C:\Users\Achal Trivedi\eclipse-workspace\AppiumFrameworkDesign\src\test\resources\apps\General-Store.apk, appium:appWaitDuration=20, appium:autoGrantPermissions=true, appium:automationName=UiAutomator2, appium:deviceName=vivo 1820, appium:newCommandTimeout=60, platformName=ANDROID, appium:platformVersion=8.1.0, appium:udid=JZBUSWZ9ROOBQ8ZD}], desiredCapabilities=Capabilities {app: C:\Users\Achal Trivedi\ecli..., appWaitDuration: 20, autoGrantPermissions: true, automationName: UiAutomator2, deviceName: vivo 1820, newCommandTimeout: 60, platformName: ANDROID, platformVersion: 8.1.0, udid: JZBUSWZ9ROOBQ8ZD}}]
Capabilities {}]]>
            </message>
            <full-stacktrace>
              <![CDATA[org.openqa.selenium.SessionNotCreatedException: Could not start a new session. Response code 500. Message: An unknown server-side error occurred while processing the command. Original error: Cannot start the 'com.androidsample.generalstore' application. Visit https://github.com/appium/appium/blob/master/docs/en/writing-running-appium/android/activity-startup.md for troubleshooting. Original error: Error executing adbExec. Original error: 'Command ''D:\\program files\\platform-tools\\adb.exe' -P 5037 -s JZBUSWZ9ROOBQ8ZD shell am start -W -n com.androidsample.generalstore/com.androidsample.generalstore.SplashActivity -S -a android.intent.action.MAIN -c android.intent.category.LAUNCHER -f 0x10200000' timed out after 20ms'. Try to increase the 20ms adb execution timeout represented by 'adbExecTimeout' capability 
Host info: host: 'DESKTOP-PQ7S2JC', ip: '192.168.29.94'
Build info: version: '4.5.0', revision: 'fe167b119a'
System info: os.name: 'Windows 10', os.arch: 'amd64', os.version: '10.0', java.version: '17.0.3'
Driver info: io.appium.java_client.android.AndroidDriver
Command: [null, newSession {capabilities=[{appium:app=C:\Users\Achal Trivedi\eclipse-workspace\AppiumFrameworkDesign\src\test\resources\apps\General-Store.apk, appium:appWaitDuration=20, appium:autoGrantPermissions=true, appium:automationName=UiAutomator2, appium:deviceName=vivo 1820, appium:newCommandTimeout=60, platformName=ANDROID, appium:platformVersion=8.1.0, appium:udid=JZBUSWZ9ROOBQ8ZD}], desiredCapabilities=Capabilities {app: C:\Users\Achal Trivedi\ecli..., appWaitDuration: 20, autoGrantPermissions: true, automationName: UiAutomator2, deviceName: vivo 1820, newCommandTimeout: 60, platformName: ANDROID, platformVersion: 8.1.0, udid: JZBUSWZ9ROOBQ8ZD}}]
Capabilities {}
at org.openqa.selenium.remote.ProtocolHandshake.createSession(ProtocolHandshake.java:144)
at java.base/jdk.internal.reflect.NativeMethodAccessorImpl.invoke0(Native Method)
at java.base/jdk.internal.reflect.NativeMethodAccessorImpl.invoke(NativeMethodAccessorImpl.java:77)
at java.base/jdk.internal.reflect.DelegatingMethodAccessorImpl.invoke(DelegatingMethodAccessorImpl.java:43)
at java.base/java.lang.reflect.Method.invoke(Method.java:568)
at io.appium.java_client.remote.AppiumProtocolHandshake.createSession(AppiumProtocolHandshake.java:126)
at io.appium.java_client.remote.AppiumProtocolHandshake.createSession(AppiumProtocolHandshake.java:102)
at io.appium.java_client.remote.AppiumCommandExecutor.createSession(AppiumCommandExecutor.java:155)
at io.appium.java_client.remote.AppiumCommandExecutor.execute(AppiumCommandExecutor.java:189)
at org.openqa.selenium.remote.RemoteWebDriver.execute(RemoteWebDriver.java:547)
at io.appium.java_client.AppiumDriver.startSession(AppiumDriver.java:229)
at org.openqa.selenium.remote.RemoteWebDriver.<init>(RemoteWebDriver.java:157)
at io.appium.java_client.AppiumDriver.<init>(AppiumDriver.java:80)
at io.appium.java_client.AppiumDriver.<init>(AppiumDriver.java:103)
at io.appium.java_client.android.AndroidDriver.<init>(AndroidDriver.java:139)
at appiumproject.basePackage.SuperBaseClass.Setup(SuperBaseClass.java:106)
at java.base/jdk.internal.reflect.NativeMethodAccessorImpl.invoke0(Native Method)
at java.base/jdk.internal.reflect.NativeMethodAccessorImpl.invoke(NativeMethodAccessorImpl.java:77)
at java.base/jdk.internal.reflect.DelegatingMethodAccessorImpl.invoke(DelegatingMethodAccessorImpl.java:43)
at java.base/java.lang.reflect.Method.invoke(Method.java:568)
at org.testng.internal.invokers.MethodInvocationHelper.invokeMethod(MethodInvocationHelper.java:139)
at org.testng.internal.invokers.MethodInvocationHelper.invokeMethodConsideringTimeout(MethodInvocationHelper.java:69)
at org.testng.internal.invokers.ConfigInvoker.invokeConfigurationMethod(ConfigInvoker.java:361)
at org.testng.internal.invokers.ConfigInvoker.invokeConfigurations(ConfigInvoker.java:296)
at org.testng.internal.invokers.TestMethodWorker.invokeBeforeClassMethods(TestMethodWorker.java:180)
at org.testng.internal.invokers.TestMethodWorker.run(TestMethodWorker.java:122)
at java.base/java.util.ArrayList.forEach(ArrayList.java:1511)
at org.testng.TestRunner.privateRun(TestRunner.java:806)
at org.testng.TestRunner.run(TestRunner.java:601)
at org.testng.SuiteRunner.runTest(SuiteRunner.java:433)
at org.testng.SuiteRunner.runSequentially(SuiteRunner.java:427)
at org.testng.SuiteRunner.privateRun(SuiteRunner.java:387)
at org.testng.SuiteRunner.run(SuiteRunner.java:330)
at org.testng.SuiteRunnerWorker.runSuite(SuiteRunnerWorker.java:52)
at org.testng.SuiteRunnerWorker.run(SuiteRunnerWorker.java:95)
at org.testng.TestNG.runSuitesSequentially(TestNG.java:1256)
at org.testng.TestNG.runSuitesLocally(TestNG.java:1176)
at org.testng.TestNG.runSuites(TestNG.java:1099)
at org.testng.TestNG.run(TestNG.java:1067)
at org.testng.remote.AbstractRemoteTestNG.run(AbstractRemoteTestNG.java:115)
at org.testng.remote.RemoteTestNG.initAndRun(RemoteTestNG.java:251)
at org.testng.remote.RemoteTestNG.main(RemoteTestNG.java:77)
]]>
            </full-stacktrace>
          </exception> <!-- org.openqa.selenium.SessionNotCreatedException -->
          <reporter-output>
          </reporter-output>
        </test-method> <!-- VerifyNameValidation_Test01 -->
        <test-method is-config="true" signature="goToHome()[pri:0, instance:appiumproject.testcases.Test02_MultipleTests@3c77d488]" started-at="2023-03-16T19:06:16 IST" name="goToHome" finished-at="2023-03-16T19:06:16 IST" duration-ms="0" status="SKIP">
          <reporter-output>
          </reporter-output>
        </test-method> <!-- goToHome -->
        <test-method signature="FormSubmit_Test02()[pri:1, instance:appiumproject.testcases.Test02_MultipleTests@3c77d488]" started-at="2023-03-16T19:06:16 IST" name="FormSubmit_Test02" finished-at="2023-03-16T19:06:16 IST" duration-ms="0" status="SKIP">
          <exception class="org.openqa.selenium.SessionNotCreatedException">
            <message>
              <![CDATA[Could not start a new session. Response code 500. Message: An unknown server-side error occurred while processing the command. Original error: Cannot start the 'com.androidsample.generalstore' application. Visit https://github.com/appium/appium/blob/master/docs/en/writing-running-appium/android/activity-startup.md for troubleshooting. Original error: Error executing adbExec. Original error: 'Command ''D:\\program files\\platform-tools\\adb.exe' -P 5037 -s JZBUSWZ9ROOBQ8ZD shell am start -W -n com.androidsample.generalstore/com.androidsample.generalstore.SplashActivity -S -a android.intent.action.MAIN -c android.intent.category.LAUNCHER -f 0x10200000' timed out after 20ms'. Try to increase the 20ms adb execution timeout represented by 'adbExecTimeout' capability 
Host info: host: 'DESKTOP-PQ7S2JC', ip: '192.168.29.94'
Build info: version: '4.5.0', revision: 'fe167b119a'
System info: os.name: 'Windows 10', os.arch: 'amd64', os.version: '10.0', java.version: '17.0.3'
Driver info: io.appium.java_client.android.AndroidDriver
Command: [null, newSession {capabilities=[{appium:app=C:\Users\Achal Trivedi\eclipse-workspace\AppiumFrameworkDesign\src\test\resources\apps\General-Store.apk, appium:appWaitDuration=20, appium:autoGrantPermissions=true, appium:automationName=UiAutomator2, appium:deviceName=vivo 1820, appium:newCommandTimeout=60, platformName=ANDROID, appium:platformVersion=8.1.0, appium:udid=JZBUSWZ9ROOBQ8ZD}], desiredCapabilities=Capabilities {app: C:\Users\Achal Trivedi\ecli..., appWaitDuration: 20, autoGrantPermissions: true, automationName: UiAutomator2, deviceName: vivo 1820, newCommandTimeout: 60, platformName: ANDROID, platformVersion: 8.1.0, udid: JZBUSWZ9ROOBQ8ZD}}]
Capabilities {}]]>
            </message>
            <full-stacktrace>
              <![CDATA[org.openqa.selenium.SessionNotCreatedException: Could not start a new session. Response code 500. Message: An unknown server-side error occurred while processing the command. Original error: Cannot start the 'com.androidsample.generalstore' application. Visit https://github.com/appium/appium/blob/master/docs/en/writing-running-appium/android/activity-startup.md for troubleshooting. Original error: Error executing adbExec. Original error: 'Command ''D:\\program files\\platform-tools\\adb.exe' -P 5037 -s JZBUSWZ9ROOBQ8ZD shell am start -W -n com.androidsample.generalstore/com.androidsample.generalstore.SplashActivity -S -a android.intent.action.MAIN -c android.intent.category.LAUNCHER -f 0x10200000' timed out after 20ms'. Try to increase the 20ms adb execution timeout represented by 'adbExecTimeout' capability 
Host info: host: 'DESKTOP-PQ7S2JC', ip: '192.168.29.94'
Build info: version: '4.5.0', revision: 'fe167b119a'
System info: os.name: 'Windows 10', os.arch: 'amd64', os.version: '10.0', java.version: '17.0.3'
Driver info: io.appium.java_client.android.AndroidDriver
Command: [null, newSession {capabilities=[{appium:app=C:\Users\Achal Trivedi\eclipse-workspace\AppiumFrameworkDesign\src\test\resources\apps\General-Store.apk, appium:appWaitDuration=20, appium:autoGrantPermissions=true, appium:automationName=UiAutomator2, appium:deviceName=vivo 1820, appium:newCommandTimeout=60, platformName=ANDROID, appium:platformVersion=8.1.0, appium:udid=JZBUSWZ9ROOBQ8ZD}], desiredCapabilities=Capabilities {app: C:\Users\Achal Trivedi\ecli..., appWaitDuration: 20, autoGrantPermissions: true, automationName: UiAutomator2, deviceName: vivo 1820, newCommandTimeout: 60, platformName: ANDROID, platformVersion: 8.1.0, udid: JZBUSWZ9ROOBQ8ZD}}]
Capabilities {}
at org.openqa.selenium.remote.ProtocolHandshake.createSession(ProtocolHandshake.java:144)
at java.base/jdk.internal.reflect.NativeMethodAccessorImpl.invoke0(Native Method)
at java.base/jdk.internal.reflect.NativeMethodAccessorImpl.invoke(NativeMethodAccessorImpl.java:77)
at java.base/jdk.internal.reflect.DelegatingMethodAccessorImpl.invoke(DelegatingMethodAccessorImpl.java:43)
at java.base/java.lang.reflect.Method.invoke(Method.java:568)
at io.appium.java_client.remote.AppiumProtocolHandshake.createSession(AppiumProtocolHandshake.java:126)
at io.appium.java_client.remote.AppiumProtocolHandshake.createSession(AppiumProtocolHandshake.java:102)
at io.appium.java_client.remote.AppiumCommandExecutor.createSession(AppiumCommandExecutor.java:155)
at io.appium.java_client.remote.AppiumCommandExecutor.execute(AppiumCommandExecutor.java:189)
at org.openqa.selenium.remote.RemoteWebDriver.execute(RemoteWebDriver.java:547)
at io.appium.java_client.AppiumDriver.startSession(AppiumDriver.java:229)
at org.openqa.selenium.remote.RemoteWebDriver.<init>(RemoteWebDriver.java:157)
at io.appium.java_client.AppiumDriver.<init>(AppiumDriver.java:80)
at io.appium.java_client.AppiumDriver.<init>(AppiumDriver.java:103)
at io.appium.java_client.android.AndroidDriver.<init>(AndroidDriver.java:139)
at appiumproject.basePackage.SuperBaseClass.Setup(SuperBaseClass.java:106)
at java.base/jdk.internal.reflect.NativeMethodAccessorImpl.invoke0(Native Method)
at java.base/jdk.internal.reflect.NativeMethodAccessorImpl.invoke(NativeMethodAccessorImpl.java:77)
at java.base/jdk.internal.reflect.DelegatingMethodAccessorImpl.invoke(DelegatingMethodAccessorImpl.java:43)
at java.base/java.lang.reflect.Method.invoke(Method.java:568)
at org.testng.internal.invokers.MethodInvocationHelper.invokeMethod(MethodInvocationHelper.java:139)
at org.testng.internal.invokers.MethodInvocationHelper.invokeMethodConsideringTimeout(MethodInvocationHelper.java:69)
at org.testng.internal.invokers.ConfigInvoker.invokeConfigurationMethod(ConfigInvoker.java:361)
at org.testng.internal.invokers.ConfigInvoker.invokeConfigurations(ConfigInvoker.java:296)
at org.testng.internal.invokers.TestMethodWorker.invokeBeforeClassMethods(TestMethodWorker.java:180)
at org.testng.internal.invokers.TestMethodWorker.run(TestMethodWorker.java:122)
at java.base/java.util.ArrayList.forEach(ArrayList.java:1511)
at org.testng.TestRunner.privateRun(TestRunner.java:806)
at org.testng.TestRunner.run(TestRunner.java:601)
at org.testng.SuiteRunner.runTest(SuiteRunner.java:433)
at org.testng.SuiteRunner.runSequentially(SuiteRunner.java:427)
at org.testng.SuiteRunner.privateRun(SuiteRunner.java:387)
at org.testng.SuiteRunner.run(SuiteRunner.java:330)
at org.testng.SuiteRunnerWorker.runSuite(SuiteRunnerWorker.java:52)
at org.testng.SuiteRunnerWorker.run(SuiteRunnerWorker.java:95)
at org.testng.TestNG.runSuitesSequentially(TestNG.java:1256)
at org.testng.TestNG.runSuitesLocally(TestNG.java:1176)
at org.testng.TestNG.runSuites(TestNG.java:1099)
at org.testng.TestNG.run(TestNG.java:1067)
at org.testng.remote.AbstractRemoteTestNG.run(AbstractRemoteTestNG.java:115)
at org.testng.remote.RemoteTestNG.initAndRun(RemoteTestNG.java:251)
at org.testng.remote.RemoteTestNG.main(RemoteTestNG.java:77)
]]>
            </full-stacktrace>
          </exception> <!-- org.openqa.selenium.SessionNotCreatedException -->
          <reporter-output>
          </reporter-output>
        </test-method> <!-- FormSubmit_Test02 -->
        <test-method is-config="true" signature="teardown()[pri:0, instance:appiumproject.testcases.Test02_MultipleTests@3c77d488]" started-at="2023-03-16T19:06:16 IST" name="teardown" finished-at="2023-03-16T19:06:16 IST" duration-ms="0" status="SKIP">
          <reporter-output>
          </reporter-output>
        </test-method> <!-- teardown -->
      </class> <!-- appiumproject.testcases.Test02_MultipleTests -->
    </test> <!-- Default test -->
  </suite> <!-- Default suite -->
</testng-results>
